<?xml version="1.0" encoding="UTF-8"?>
<!-- Generated by org.testng.reporters.JUnitReportReporter -->
<testsuite hostname="LAPTOP-E42ICP36" failures="0" tests="5" name="testNG.Ex2Priority" time="0.009" errors="0" timestamp="2022-01-18T14:32:21 IST" skipped="0">
  <testcase classname="testNG.Ex2Priority" name="startTheCar" time="0.001"/>
  <system-out/>
  <testcase classname="testNG.Ex2Priority" name="putFirstGear" time="0.002"/>
  <system-out/>
  <testcase classname="testNG.Ex2Priority" name="putSecondGear" time="0.002"/>
  <system-out/>
  <testcase classname="testNG.Ex2Priority" name="putThirdGear" time="0.002"/>
  <system-out/>
  <testcase classname="testNG.Ex2Priority" name="putFourthGear" time="0.002"/>
  <system-out/>
</testsuite> <!-- testNG.Ex2Priority -->
