<?xml version="1.0" encoding="UTF-8"?>
<!-- Generated by org.testng.reporters.JUnitReportReporter -->
<testsuite hostname="LAPTOP-E42ICP36" failures="0" tests="4" name="testNG.Ex1Sample" time="0.020" errors="0" timestamp="2022-01-18T16:31:46 IST" skipped="0">
  <testcase classname="testNG.Ex1Sample" name="firtsTestcase" time="0.014"/>
  <system-out/>
  <testcase classname="testNG.Ex1Sample" name="thirdTestcase" time="0.002"/>
  <system-out/>
  <testcase classname="testNG.Ex1Sample" name="fourthTestcase" time="0.002"/>
  <system-out/>
  <testcase classname="testNG.Ex1Sample" name="secondTestcase" time="0.002"/>
  <system-out/>
</testsuite> <!-- testNG.Ex1Sample -->
