<?xml version="1.0" encoding="UTF-8"?>
<!-- Generated by org.testng.reporters.JUnitReportReporter -->
<testsuite hostname="LAPTOP-E42ICP36" failures="0" tests="6" name="testNG.Ex3Skip" time="0.017" errors="0" timestamp="2022-01-18T14:32:21 IST" skipped="1">
  <testcase classname="testNG.Ex3Skip" name="startTheCar" time="0.005"/>
  <system-out/>
  <testcase classname="testNG.Ex3Skip" name="putFirstGear" time="0.004"/>
  <system-out/>
  <testcase classname="testNG.Ex3Skip" name="putSecondGear" time="0.004"/>
  <system-out/>
  <testcase classname="testNG.Ex3Skip" name="putThirdGear" time="0.001"/>
  <system-out/>
  <testcase classname="testNG.Ex3Skip" name="putFourthGear" time="0.003"/>
  <system-out/>
  <testcase classname="testNG.Ex3Skip" name="turnMusicOn">
    <skipped/>
  </testcase> <!-- turnMusicOn -->
  <system-out/>
</testsuite> <!-- testNG.Ex3Skip -->
