<?xml version="1.0" encoding="UTF-8"?>
<!-- Generated by org.testng.reporters.JUnitReportReporter -->
<testsuite hostname="LAPTOP-E42ICP36" failures="0" tests="4" name="testNG.Ex7Group" time="0.022" errors="0" timestamp="2022-01-18T16:05:07 IST" skipped="0">
  <testcase classname="testNG.Ex7Group" name="vivo1" time="0.002"/>
  <system-out/>
  <testcase classname="testNG.Ex7Group" name="apple2" time="0.002"/>
  <system-out/>
  <testcase classname="testNG.Ex7Group" name="vivo2" time="0.002"/>
  <system-out/>
  <testcase classname="testNG.Ex7Group" name="apple1" time="0.016"/>
  <system-out/>
</testsuite> <!-- testNG.Ex7Group -->
