<?xml version="1.0" encoding="UTF-8"?>
<!-- Generated by org.testng.reporters.JUnitReportReporter -->
<testsuite hostname="LAPTOP-E42ICP36" failures="0" tests="3" name="testNG.Ex5TestSuite" time="4.609" errors="0" timestamp="2022-01-18T14:29:43 IST" skipped="0">
  <testcase classname="testNG.Ex5TestSuite" name="openBing" time="0.843"/>
  <system-out/>
  <testcase classname="testNG.Ex5TestSuite" name="openGoogle" time="1.657"/>
  <system-out/>
  <testcase classname="testNG.Ex5TestSuite" name="openYahoo" time="2.109"/>
  <system-out/>
</testsuite> <!-- testNG.Ex5TestSuite -->
