<?xml version="1.0" encoding="UTF-8"?>
<!-- Generated by org.testng.reporters.JUnitReportReporter -->
<testsuite hostname="LAPTOP-E42ICP36" failures="0" tests="3" name="testNG.Ex4Depandancies" time="0.012" errors="0" timestamp="2022-01-18T12:53:47 IST" skipped="0">
  <testcase classname="testNG.Ex4Depandancies" name="higherSecondarySchool" time="0.001"/>
  <system-out/>
  <testcase classname="testNG.Ex4Depandancies" name="college" time="0.001"/>
  <system-out/>
  <testcase classname="testNG.Ex4Depandancies" name="highSchool" time="0.010"/>
  <system-out/>
</testsuite> <!-- testNG.Ex4Depandancies -->
