<?xml version="1.0" encoding="UTF-8"?>
<!-- Generated by org.testng.reporters.JUnitReportReporter -->
<testsuite hostname="LAPTOP-E42ICP36" failures="0" tests="2" name="testNG.Ex11OrderTest" time="0.012" errors="0" timestamp="2022-01-19T12:53:05 IST" skipped="0">
  <testcase classname="testNG.Ex11OrderTest" name="test" time="0.008"/>
  <system-out/>
  <testcase classname="testNG.Ex11OrderTest" name="test1" time="0.004"/>
  <system-out/>
</testsuite> <!-- testNG.Ex11OrderTest -->
