<?xml version="1.0" encoding="UTF-8"?>
<!-- Generated by org.testng.reporters.JUnitReportReporter -->
<testsuite hostname="LAPTOP-E42ICP36" failures="0" tests="1" name="testNG.Ex8Parameter" time="0.016" errors="0" timestamp="2022-01-18T16:06:04 IST" skipped="0">
  <testcase classname="testNG.Ex8Parameter" name="printName" time="0.016"/>
  <system-out/>
</testsuite> <!-- testNG.Ex8Parameter -->
